build/app/intermediates/manifest_merge_blame_file/debug/manifest-merger-blame-debug-report.txt
1<?xml version="1.0" encoding="utf-8"?>
2<manifest xmlns:android="http://schemas.android.com/apk/res/android"
3    package="com.example.qrcode_scanner"
4    android:versionCode="1"
5    android:versionName="1.0.0" >
6
7    <uses-sdk
8        android:minSdkVersion="16"
9        android:targetSdkVersion="29" />
10    <!--
11         Flutter needs it to communicate with the running application
12         to allow setting breakpoints, to provide hot reload, etc.
13    -->
14    <uses-permission android:name="android.permission.INTERNET" />
14-->src\main\AndroidManifest.xml:9:5-66
14-->src\main\AndroidManifest.xml:9:22-64
15    <uses-permission android:name="android.permission.WRITE_EXTERNAL_STORAGE" />
15-->src\main\AndroidManifest.xml:10:5-80
15-->src\main\AndroidManifest.xml:10:22-78
16    <uses-permission android:name="android.permission.READ_EXTERNAL_STORAGE" />
16-->src\main\AndroidManifest.xml:11:5-79
16-->src\main\AndroidManifest.xml:11:22-77
17    <uses-permission android:name="android.permission.CAMERA" />
17-->[:flutter_barcode_scanner] AndroidManifest.xml:9:5-65
17-->[:flutter_barcode_scanner] AndroidManifest.xml:9:22-62
18
19    <uses-feature android:name="android.hardware.camera" />
19-->[:flutter_barcode_scanner] AndroidManifest.xml:11:5-60
19-->[:flutter_barcode_scanner] AndroidManifest.xml:11:19-57
20
21    <uses-permission android:name="android.permission.FLASHLIGHT" />
21-->[:flutter_barcode_scanner] AndroidManifest.xml:13:5-69
21-->[:flutter_barcode_scanner] AndroidManifest.xml:13:22-66
22
23    <uses-feature android:name="android.hardware.camera.autofocus" />
23-->[:flutter_qr_reader] AndroidManifest.xml:11:5-70
23-->[:flutter_qr_reader] AndroidManifest.xml:11:19-67
24    <uses-feature android:name="android.hardware.camera.flash" />
24-->[:flutter_qr_reader] AndroidManifest.xml:12:5-66
24-->[:flutter_qr_reader] AndroidManifest.xml:12:19-63
25
26    <application
26-->src\main\AndroidManifest.xml:14:5-53:19
27        android:name="io.flutter.app.FlutterApplication"
27-->src\main\AndroidManifest.xml:15:9-57
28        android:appComponentFactory="androidx.core.app.CoreComponentFactory"
28-->[androidx.core:core:1.1.0] AndroidManifest.xml:24:18-86
29        android:debuggable="true"
30        android:icon="@mipmap/qr"
30-->src\main\AndroidManifest.xml:18:9-34
31        android:label="QRCode Scanner"
31-->src\main\AndroidManifest.xml:16:9-39
32        android:largeHeap="true"
32-->[:flutter_barcode_scanner] AndroidManifest.xml:16:9-33
33        android:requestLegacyExternalStorage="true"
33-->src\main\AndroidManifest.xml:17:9-52
34        android:theme="@style/Theme.AppCompat.NoActionBar" >
34-->[:flutter_barcode_scanner] AndroidManifest.xml:17:9-59
35        <activity
35-->src\main\AndroidManifest.xml:19:9-47:20
36            android:name="com.example.qrcode_scanner.MainActivity"
36-->src\main\AndroidManifest.xml:20:13-41
37            android:configChanges="orientation|keyboardHidden|keyboard|screenSize|smallestScreenSize|locale|layoutDirection|fontScale|screenLayout|density|uiMode"
37-->src\main\AndroidManifest.xml:23:13-163
38            android:hardwareAccelerated="true"
38-->src\main\AndroidManifest.xml:24:13-47
39            android:launchMode="singleTop"
39-->src\main\AndroidManifest.xml:21:13-43
40            android:theme="@style/LaunchTheme"
40-->src\main\AndroidManifest.xml:22:13-47
41            android:windowSoftInputMode="adjustResize" >
41-->src\main\AndroidManifest.xml:25:13-55
42
43            <!--
44                 Specifies an Android theme to apply to this Activity as soon as
45                 the Android process has started. This theme is visible to the user
46                 while the Flutter UI initializes. After that, this theme continues
47                 to determine the Window background behind the Flutter UI.
48            -->
49            <meta-data
49-->src\main\AndroidManifest.xml:30:13-33:17
50                android:name="io.flutter.embedding.android.NormalTheme"
50-->src\main\AndroidManifest.xml:31:15-70
51                android:resource="@style/NormalTheme" />
51-->src\main\AndroidManifest.xml:32:15-52
52            <!--
53                 Displays an Android View that continues showing the launch screen
54                 Drawable until Flutter paints its first frame, then this splash
55                 screen fades out. A splash screen is useful to avoid any visual
56                 gap between the end of Android's launch screen and the painting of
57                 Flutter's first frame.
58            -->
59            <meta-data
59-->src\main\AndroidManifest.xml:39:13-42:17
60                android:name="io.flutter.embedding.android.SplashScreenDrawable"
60-->src\main\AndroidManifest.xml:40:15-79
61                android:resource="@drawable/launch_background" />
61-->src\main\AndroidManifest.xml:41:15-61
62
63            <intent-filter>
63-->src\main\AndroidManifest.xml:43:13-46:29
64                <action android:name="android.intent.action.MAIN" />
64-->src\main\AndroidManifest.xml:44:17-68
64-->src\main\AndroidManifest.xml:44:25-66
65
66                <category android:name="android.intent.category.LAUNCHER" />
66-->src\main\AndroidManifest.xml:45:17-76
66-->src\main\AndroidManifest.xml:45:27-74
67            </intent-filter>
68        </activity>
69        <!--
70             Don't delete the meta-data below.
71             This is used by the Flutter tool to generate GeneratedPluginRegistrant.java
72        -->
73        <meta-data
73-->src\main\AndroidManifest.xml:50:9-52:33
74            android:name="flutterEmbedding"
74-->src\main\AndroidManifest.xml:51:13-44
75            android:value="2" />
75-->src\main\AndroidManifest.xml:52:13-30
76
77        <activity android:name="com.amolg.flutterbarcodescanner.BarcodeCaptureActivity" />
77-->[:flutter_barcode_scanner] AndroidManifest.xml:18:9-91
77-->[:flutter_barcode_scanner] AndroidManifest.xml:18:19-88
78
79        <provider
79-->[:image_picker] AndroidManifest.xml:11:9-19:20
80            android:name="io.flutter.plugins.imagepicker.ImagePickerFileProvider"
80-->[:image_picker] AndroidManifest.xml:12:13-82
81            android:authorities="com.example.qrcode_scanner.flutter.image_provider"
81-->[:image_picker] AndroidManifest.xml:13:13-74
82            android:exported="false"
82-->[:image_picker] AndroidManifest.xml:14:13-37
83            android:grantUriPermissions="true" >
83-->[:image_picker] AndroidManifest.xml:15:13-47
84            <meta-data
84-->[:image_picker] AndroidManifest.xml:16:13-18:75
85                android:name="android.support.FILE_PROVIDER_PATHS"
85-->[:image_picker] AndroidManifest.xml:17:17-67
86                android:resource="@xml/flutter_image_picker_file_paths" />
86-->[:image_picker] AndroidManifest.xml:18:17-72
87        </provider>
88
89        <activity
89-->[:url_launcher] AndroidManifest.xml:8:9-11:74
90            android:name="io.flutter.plugins.urllauncher.WebViewActivity"
90-->[:url_launcher] AndroidManifest.xml:9:13-74
91            android:exported="false"
91-->[:url_launcher] AndroidManifest.xml:10:13-37
92            android:theme="@android:style/Theme.NoTitleBar.Fullscreen" />
92-->[:url_launcher] AndroidManifest.xml:11:13-71
93
94        <provider
94-->[:esys_flutter_share] AndroidManifest.xml:8:9-16:20
95            android:name="de.esys.esysfluttershare.EsysFlutterShareFileProvider"
95-->[:esys_flutter_share] AndroidManifest.xml:9:13-81
96            android:authorities="com.example.qrcode_scanner.fileprovider.github.com/orgs/esysberlin/esys-flutter-share"
96-->[:esys_flutter_share] AndroidManifest.xml:10:13-110
97            android:exported="false"
97-->[:esys_flutter_share] AndroidManifest.xml:11:13-37
98            android:grantUriPermissions="true" >
98-->[:esys_flutter_share] AndroidManifest.xml:12:13-47
99            <meta-data
99-->[:image_picker] AndroidManifest.xml:16:13-18:75
100                android:name="android.support.FILE_PROVIDER_PATHS"
100-->[:image_picker] AndroidManifest.xml:17:17-67
101                android:resource="@xml/esys_flutter_share_filepaths" />
101-->[:image_picker] AndroidManifest.xml:18:17-72
102        </provider>
103
104        <activity android:name="de.mintware.barcode_scan.BarcodeScannerActivity" />
104-->[:barcode_scan] AndroidManifest.xml:14:9-84
104-->[:barcode_scan] AndroidManifest.xml:14:19-81
105        <activity
105-->[com.google.android.gms:play-services-base:17.0.0] AndroidManifest.xml:23:9-26:75
106            android:name="com.google.android.gms.common.api.GoogleApiActivity"
106-->[com.google.android.gms:play-services-base:17.0.0] AndroidManifest.xml:24:13-79
107            android:exported="false"
107-->[com.google.android.gms:play-services-base:17.0.0] AndroidManifest.xml:25:13-37
108            android:theme="@android:style/Theme.Translucent.NoTitleBar" />
108-->[com.google.android.gms:play-services-base:17.0.0] AndroidManifest.xml:26:13-72
109
110        <meta-data
110-->[com.google.android.gms:play-services-basement:17.0.0] AndroidManifest.xml:23:9-25:69
111            android:name="com.google.android.gms.version"
111-->[com.google.android.gms:play-services-basement:17.0.0] AndroidManifest.xml:24:13-58
112            android:value="@integer/google_play_services_version" />
112-->[com.google.android.gms:play-services-basement:17.0.0] AndroidManifest.xml:25:13-66
113    </application>
114
115</manifest>